<?xml version="1.0" encoding="UTF-8"?>
<!-- Generated by org.testng.reporters.JUnitXMLReporter -->
<testsuite ignored="0" hostname="DESKTOP-G55Q34C" failures="0" tests="3" name="Default test" time="40.722" errors="0" timestamp="2021-07-10T12:00:53 IST">
  <testcase classname="testcases.Test" name="bookHotel" time="5.935"/>
  <testcase classname="testcases.Test" name="bookOutStationCab" time="10.625"/>
  <testcase classname="testcases.Test" name="buyGiftCard" time="15.289"/>
</testsuite> <!-- Default test -->
