<?xml version="1.0" encoding="UTF-8"?>
<!-- Generated by org.testng.reporters.JUnitXMLReporter -->
<testsuite ignored="0" hostname="DESKTOP-G55Q34C" failures="0" tests="3" name="Default test" time="87.458" errors="0" timestamp="2021-07-13T12:25:20 IST">
  <testcase classname="testcases.MakeMyTripTest" name="bookHotel" time="19.318"/>
  <testcase classname="testcases.MakeMyTripTest" name="bookOutStationCab" time="40.342"/>
  <testcase classname="testcases.MakeMyTripTest" name="buyGiftCard" time="20.286"/>
</testsuite> <!-- Default test -->
