<?xml version="1.0" encoding="UTF-8"?>
<testng-results ignored="0" total="3" passed="3" failed="0" skipped="0">
  <reporter-output>
  </reporter-output>
  <suite started-at="2021-07-11T20:44:51 IST" name="Default suite" finished-at="2021-07-11T20:46:33 IST" duration-ms="101891">
    <groups>
    </groups>
    <test started-at="2021-07-11T20:44:51 IST" name="Default test" finished-at="2021-07-11T20:46:33 IST" duration-ms="101891">
      <class name="testcases.Test">
        <test-method is-config="true" signature="setUp()[pri:0, instance:testcases.Test@609db43b]" started-at="2021-07-11T20:44:51 IST" name="setUp" finished-at="2021-07-11T20:45:06 IST" duration-ms="15588" status="PASS">
          <reporter-output>
          </reporter-output>
        </test-method> <!-- setUp -->
        <test-method signature="bookHotel()[pri:0, instance:testcases.Test@609db43b]" started-at="2021-07-11T20:45:07 IST" name="bookHotel" finished-at="2021-07-11T20:45:26 IST" duration-ms="19403" status="PASS">
          <reporter-output>
          </reporter-output>
        </test-method> <!-- bookHotel -->
        <test-method signature="bookOutStationCab()[pri:0, instance:testcases.Test@609db43b]" started-at="2021-07-11T20:45:26 IST" name="bookOutStationCab" finished-at="2021-07-11T20:46:06 IST" duration-ms="39763" status="PASS">
          <reporter-output>
          </reporter-output>
        </test-method> <!-- bookOutStationCab -->
        <test-method signature="buyGiftCard()[pri:0, instance:testcases.Test@609db43b]" started-at="2021-07-11T20:46:06 IST" name="buyGiftCard" finished-at="2021-07-11T20:46:31 IST" duration-ms="24996" status="PASS">
          <reporter-output>
          </reporter-output>
        </test-method> <!-- buyGiftCard -->
        <test-method is-config="true" signature="tearDown()[pri:0, instance:testcases.Test@609db43b]" started-at="2021-07-11T20:46:31 IST" name="tearDown" finished-at="2021-07-11T20:46:33 IST" duration-ms="2084" status="PASS">
          <reporter-output>
          </reporter-output>
        </test-method> <!-- tearDown -->
      </class> <!-- testcases.Test -->
    </test> <!-- Default test -->
  </suite> <!-- Default suite -->
</testng-results>
